[2016-10-27 00:59:31] [DEBUG] [Time_Consuming: 371毫秒] => 
True
[2016-10-27 00:59:31] [DEBUG] [Time_Consuming: 397毫秒] => 
stock_data: [array([  7.89,   7.88,   7.75,   7.77,   8.01,   8.15,   8.13,   8.25,
         8.89,   8.9 ,   9.  ,   9.37,   9.46,   9.5 ,   9.36,   9.36,
         9.8 ,   9.85,  10.5 ,  10.73,  10.7 ,  10.51,  10.55,  10.45,
        10.74,  10.57,  10.69,  10.58,  10.36,  11.18]), array([  8.09,   8.  ,   7.84,   8.06,   8.18,   8.34,   8.25,   8.74,
         8.95,   9.3 ,   9.57,   9.77,   9.74,   9.74,   9.47,   9.8 ,
        10.08,  10.63,  11.23,  10.98,  10.85,  10.79,  10.78,  10.75,
        10.93,  10.7 ,  10.69,  10.6 ,  11.4 ,  11.25]), array([  7.8 ,   7.7 ,   7.62,   7.77,   7.91,   7.96,   7.98,   8.24,
         8.48,   8.9 ,   8.8 ,   9.19,   9.36,   9.31,   9.03,   9.13,
         9.8 ,   9.71,  10.3 ,  10.21,  10.38,  10.49,  10.49,  10.41,
        10.65,  10.42,  10.5 ,  10.2 ,  10.36,  10.21]), array([  7.92,   7.74,   7.73,   8.  ,   8.1 ,   7.99,   8.24,   8.56,
         8.9 ,   9.1 ,   9.5 ,   9.48,   9.49,   9.36,   9.22,   9.79,
         9.85,  10.58,  10.88,  10.66,  10.67,  10.55,  10.51,  10.6 ,
        10.71,  10.69,  10.63,  10.4 ,  11.17,  10.55]), array(['2016/03/09', '2016/03/10', '2016/03/11', '2016/03/14',
       '2016/03/15', '2016/03/16', '2016/03/17', '2016/03/18',
       '2016/03/21', '2016/03/22', '2016/03/23', '2016/03/24',
       '2016/03/25', '2016/03/28', '2016/03/29', '2016/03/30',
       '2016/03/31', '2016/04/01', '2016/04/05', '2016/04/06',
       '2016/04/07', '2016/04/08', '2016/04/11', '2016/04/12',
       '2016/04/13', '2016/04/14', '2016/04/15', '2016/04/18',
       '2016/04/19', '2016/04/20'], 
      dtype='|S10')]
[2016-10-27 00:59:31] [DEBUG] [Time_Consuming: 517毫秒] => 
fig: Figure(1024x768)
[2016-10-27 00:59:31] [DEBUG] [Time_Consuming: 517毫秒] => 
ax: Axes(0.125,0.1;0.775x0.8)
[2016-10-27 00:59:31] [DEBUG] [Time_Consuming: 517毫秒] => 
type(ax): <class 'matplotlib.axes._subplots.AxesSubplot'>
[2016-10-27 00:59:48] [DEBUG] [Time_Consuming: 17134毫秒] => 
type(bar_num): <type 'int'>
[2016-10-27 00:59:48] [DEBUG] [Time_Consuming: 17138毫秒] => 
stock_data: [array([  7.89,   7.88,   7.75,   7.77,   8.01,   8.15,   8.13,   8.25,
         8.89,   8.9 ,   9.  ,   9.37,   9.46,   9.5 ,   9.36,   9.36,
         9.8 ,   9.85,  10.5 ,  10.73,  10.7 ,  10.51,  10.55,  10.45,
        10.74,  10.57,  10.69,  10.58,  10.36,  11.18]), array([  8.09,   8.  ,   7.84,   8.06,   8.18,   8.34,   8.25,   8.74,
         8.95,   9.3 ,   9.57,   9.77,   9.74,   9.74,   9.47,   9.8 ,
        10.08,  10.63,  11.23,  10.98,  10.85,  10.79,  10.78,  10.75,
        10.93,  10.7 ,  10.69,  10.6 ,  11.4 ,  11.25]), array([  7.8 ,   7.7 ,   7.62,   7.77,   7.91,   7.96,   7.98,   8.24,
         8.48,   8.9 ,   8.8 ,   9.19,   9.36,   9.31,   9.03,   9.13,
         9.8 ,   9.71,  10.3 ,  10.21,  10.38,  10.49,  10.49,  10.41,
        10.65,  10.42,  10.5 ,  10.2 ,  10.36,  10.21]), array([  7.92,   7.74,   7.73,   8.  ,   8.1 ,   7.99,   8.24,   8.56,
         8.9 ,   9.1 ,   9.5 ,   9.48,   9.49,   9.36,   9.22,   9.79,
         9.85,  10.58,  10.88,  10.66,  10.67,  10.55,  10.51,  10.6 ,
        10.71,  10.69,  10.63,  10.4 ,  11.17,  10.55]), array(['2016/03/09', '2016/03/10', '2016/03/11', '2016/03/14',
       '2016/03/15', '2016/03/16', '2016/03/17', '2016/03/18',
       '2016/03/21', '2016/03/22', '2016/03/23', '2016/03/24',
       '2016/03/25', '2016/03/28', '2016/03/29', '2016/03/30',
       '2016/03/31', '2016/04/01', '2016/04/05', '2016/04/06',
       '2016/04/07', '2016/04/08', '2016/04/11', '2016/04/12',
       '2016/04/13', '2016/04/14', '2016/04/15', '2016/04/18',
       '2016/04/19', '2016/04/20'], 
      dtype='|S10')]
[2016-10-27 00:59:48] [DEBUG] [Time_Consuming: 17240毫秒] => 
fig: Figure(1024x768)
[2016-10-27 00:59:48] [DEBUG] [Time_Consuming: 17240毫秒] => 
ax: Axes(0.125,0.1;0.775x0.8)
[2016-10-27 00:59:48] [DEBUG] [Time_Consuming: 17241毫秒] => 
type(ax): <class 'matplotlib.axes._subplots.AxesSubplot'>
[2016-10-27 00:59:57] [DEBUG] [Time_Consuming: 26813毫秒] => 
buy_price * buy_num > cash[day-1]: True
[2016-10-27 00:59:57] [DEBUG] [Time_Consuming: 26813毫秒] => 
 cash[day-1]: 1000000.0
[2016-10-27 00:59:57] [DEBUG] [Time_Consuming: 26813毫秒] => 
tradable: False
