[2016-11-02 21:46:56] [DEBUG] [Time_Consuming: 5359毫秒] => 
True
[2016-11-02 21:46:58] [DEBUG] [Time_Consuming: 7169毫秒] => 
type(bar_num): <type 'int'>
[2016-11-02 21:47:00] [DEBUG] [Time_Consuming: 9179毫秒] => 
stock_data: [array([ 10.21,   9.76,   9.88,   9.84,   9.41,   8.27,   8.09,   8.35,
         8.06,   8.25,   8.25,   8.56,   8.11,   8.28,   8.57,   8.8 ,
         8.74,   8.78,   9.06,   8.97,   9.09,   8.4 ,   8.1 ,   7.43,
         7.69,   8.12,   7.98,   7.78,   7.99,   7.89,   7.88]), array([ 10.45,   9.96,  10.15,   9.89,   9.41,   8.37,   8.5 ,   8.35,
         8.38,   8.35,   8.62,   8.59,   8.3 ,   8.6 ,   8.85,   8.94,
         8.74,   9.5 ,   9.17,   9.08,   9.15,   8.4 ,   8.13,   7.68,
         8.07,   8.34,   8.11,   8.1 ,   8.1 ,   8.09,   8.  ]), array([ 9.68,  9.38,  9.8 ,  8.96,  8.06,  7.98,  8.  ,  7.85,  8.03,
        8.09,  8.25,  8.4 ,  7.98,  8.23,  8.5 ,  8.57,  8.54,  8.71,
        8.74,  8.76,  8.15,  7.91,  7.38,  7.36,  7.69,  7.98,  7.4 ,
        7.78,  7.61,  7.8 ,  7.7 ]), array([ 9.69,  9.83,  9.96,  8.96,  8.44,  8.09,  8.31,  8.03,  8.34,
        8.33,  8.5 ,  8.4 ,  8.21,  8.55,  8.76,  8.7 ,  8.69,  9.19,
        8.95,  9.06,  8.15,  8.17,  7.43,  7.63,  8.07,  8.02,  7.74,
        7.96,  8.02,  7.92,  7.74]), array(['2016/01/21', '2016/01/22', '2016/01/25', '2016/01/26',
       '2016/01/27', '2016/01/28', '2016/01/29', '2016/02/01',
       '2016/02/02', '2016/02/03', '2016/02/04', '2016/02/05',
       '2016/02/15', '2016/02/16', '2016/02/17', '2016/02/18',
       '2016/02/19', '2016/02/22', '2016/02/23', '2016/02/24',
       '2016/02/25', '2016/02/26', '2016/02/29', '2016/03/01',
       '2016/03/02', '2016/03/03', '2016/03/04', '2016/03/07',
       '2016/03/08', '2016/03/09', '2016/03/10'], 
      dtype='|S10')]
[2016-11-02 21:47:00] [DEBUG] [Time_Consuming: 9439毫秒] => 
fig: Figure(1024x768)
[2016-11-02 21:47:00] [DEBUG] [Time_Consuming: 9439毫秒] => 
ax: Axes(0.125,0.1;0.775x0.8)
[2016-11-02 21:47:00] [DEBUG] [Time_Consuming: 9439毫秒] => 
type(ax): <class 'matplotlib.axes._subplots.AxesSubplot'>
[2016-11-02 21:47:11] [DEBUG] [Time_Consuming: 20210毫秒] => 
price * num > cash[day-1]: False
[2016-11-02 21:47:11] [DEBUG] [Time_Consuming: 20210毫秒] => 
cash[day-1]: 1000000.0
[2016-11-02 21:47:11] [DEBUG] [Time_Consuming: 20210毫秒] => 
day 1 high price:: 7.84
[2016-11-02 21:47:11] [DEBUG] [Time_Consuming: 20210毫秒] => 
day 1 low price:: 7.62
[2016-11-02 21:47:11] [DEBUG] [Time_Consuming: 20210毫秒] => 
tradable: True
[2016-11-02 21:47:33] [DEBUG] [Time_Consuming: 41850毫秒] => 
type(bar_num): <type 'int'>
[2016-11-02 21:47:35] [DEBUG] [Time_Consuming: 43860毫秒] => 
stock_data: [array([ 10.21,   9.76,   9.88,   9.84,   9.41,   8.27,   8.09,   8.35,
         8.06,   8.25,   8.25,   8.56,   8.11,   8.28,   8.57,   8.8 ,
         8.74,   8.78,   9.06,   8.97,   9.09,   8.4 ,   8.1 ,   7.43,
         7.69,   8.12,   7.98,   7.78,   7.99,   7.89,   7.88,   7.75]), array([ 10.45,   9.96,  10.15,   9.89,   9.41,   8.37,   8.5 ,   8.35,
         8.38,   8.35,   8.62,   8.59,   8.3 ,   8.6 ,   8.85,   8.94,
         8.74,   9.5 ,   9.17,   9.08,   9.15,   8.4 ,   8.13,   7.68,
         8.07,   8.34,   8.11,   8.1 ,   8.1 ,   8.09,   8.  ,   7.84]), array([ 9.68,  9.38,  9.8 ,  8.96,  8.06,  7.98,  8.  ,  7.85,  8.03,
        8.09,  8.25,  8.4 ,  7.98,  8.23,  8.5 ,  8.57,  8.54,  8.71,
        8.74,  8.76,  8.15,  7.91,  7.38,  7.36,  7.69,  7.98,  7.4 ,
        7.78,  7.61,  7.8 ,  7.7 ,  7.62]), array([ 9.69,  9.83,  9.96,  8.96,  8.44,  8.09,  8.31,  8.03,  8.34,
        8.33,  8.5 ,  8.4 ,  8.21,  8.55,  8.76,  8.7 ,  8.69,  9.19,
        8.95,  9.06,  8.15,  8.17,  7.43,  7.63,  8.07,  8.02,  7.74,
        7.96,  8.02,  7.92,  7.74,  7.73]), array(['2016/01/21', '2016/01/22', '2016/01/25', '2016/01/26',
       '2016/01/27', '2016/01/28', '2016/01/29', '2016/02/01',
       '2016/02/02', '2016/02/03', '2016/02/04', '2016/02/05',
       '2016/02/15', '2016/02/16', '2016/02/17', '2016/02/18',
       '2016/02/19', '2016/02/22', '2016/02/23', '2016/02/24',
       '2016/02/25', '2016/02/26', '2016/02/29', '2016/03/01',
       '2016/03/02', '2016/03/03', '2016/03/04', '2016/03/07',
       '2016/03/08', '2016/03/09', '2016/03/10', '2016/03/11'], 
      dtype='|S10')]
[2016-11-02 21:47:35] [DEBUG] [Time_Consuming: 44090毫秒] => 
fig: Figure(1024x768)
[2016-11-02 21:47:35] [DEBUG] [Time_Consuming: 44090毫秒] => 
ax: Axes(0.125,0.1;0.775x0.8)
[2016-11-02 21:47:35] [DEBUG] [Time_Consuming: 44090毫秒] => 
type(ax): <class 'matplotlib.axes._subplots.AxesSubplot'>
[2016-11-02 21:47:50] [DEBUG] [Time_Consuming: 59450毫秒] => 
price * num > cash[day-1]: False
[2016-11-02 21:47:50] [DEBUG] [Time_Consuming: 59450毫秒] => 
cash[day-1]: 992200.0
[2016-11-02 21:47:50] [DEBUG] [Time_Consuming: 59450毫秒] => 
day 2 high price:: 8.06
[2016-11-02 21:47:50] [DEBUG] [Time_Consuming: 59450毫秒] => 
day 2 low price:: 7.77
[2016-11-02 21:47:50] [DEBUG] [Time_Consuming: 59450毫秒] => 
tradable: False
[2016-11-02 21:48:08] [DEBUG] [Time_Consuming: 77800毫秒] => 
stock_data: [array([ 9.88,  9.84,  9.41,  8.27,  8.09,  8.35,  8.06,  8.25,  8.25,
        8.56,  8.11,  8.28,  8.57,  8.8 ,  8.74,  8.78,  9.06,  8.97,
        9.09,  8.4 ,  8.1 ,  7.43,  7.69,  8.12,  7.98,  7.78,  7.99,
        7.89,  7.88,  7.75,  7.77]), array([ 10.15,   9.89,   9.41,   8.37,   8.5 ,   8.35,   8.38,   8.35,
         8.62,   8.59,   8.3 ,   8.6 ,   8.85,   8.94,   8.74,   9.5 ,
         9.17,   9.08,   9.15,   8.4 ,   8.13,   7.68,   8.07,   8.34,
         8.11,   8.1 ,   8.1 ,   8.09,   8.  ,   7.84,   8.06]), array([ 9.8 ,  8.96,  8.06,  7.98,  8.  ,  7.85,  8.03,  8.09,  8.25,
        8.4 ,  7.98,  8.23,  8.5 ,  8.57,  8.54,  8.71,  8.74,  8.76,
        8.15,  7.91,  7.38,  7.36,  7.69,  7.98,  7.4 ,  7.78,  7.61,
        7.8 ,  7.7 ,  7.62,  7.77]), array([ 9.96,  8.96,  8.44,  8.09,  8.31,  8.03,  8.34,  8.33,  8.5 ,
        8.4 ,  8.21,  8.55,  8.76,  8.7 ,  8.69,  9.19,  8.95,  9.06,
        8.15,  8.17,  7.43,  7.63,  8.07,  8.02,  7.74,  7.96,  8.02,
        7.92,  7.74,  7.73,  8.  ]), array(['2016/01/25', '2016/01/26', '2016/01/27', '2016/01/28',
       '2016/01/29', '2016/02/01', '2016/02/02', '2016/02/03',
       '2016/02/04', '2016/02/05', '2016/02/15', '2016/02/16',
       '2016/02/17', '2016/02/18', '2016/02/19', '2016/02/22',
       '2016/02/23', '2016/02/24', '2016/02/25', '2016/02/26',
       '2016/02/29', '2016/03/01', '2016/03/02', '2016/03/03',
       '2016/03/04', '2016/03/07', '2016/03/08', '2016/03/09',
       '2016/03/10', '2016/03/11', '2016/03/14'], 
      dtype='|S10')]
[2016-11-02 21:48:09] [DEBUG] [Time_Consuming: 78060毫秒] => 
fig: Figure(1024x768)
[2016-11-02 21:48:09] [DEBUG] [Time_Consuming: 78060毫秒] => 
ax: Axes(0.125,0.1;0.775x0.8)
[2016-11-02 21:48:09] [DEBUG] [Time_Consuming: 78060毫秒] => 
type(ax): <class 'matplotlib.axes._subplots.AxesSubplot'>
[2016-11-02 21:48:26] [DEBUG] [Time_Consuming: 95012毫秒] => 
type(bar_num): <type 'int'>
[2016-11-02 21:48:28] [DEBUG] [Time_Consuming: 97031毫秒] => 
stock_data: [array([ 10.21,   9.76,   9.88,   9.84,   9.41,   8.27,   8.09,   8.35,
         8.06,   8.25,   8.25,   8.56,   8.11,   8.28,   8.57,   8.8 ,
         8.74,   8.78,   9.06,   8.97,   9.09,   8.4 ,   8.1 ,   7.43,
         7.69,   8.12,   7.98,   7.78,   7.99,   7.89,   7.88,   7.75,
         7.77]), array([ 10.45,   9.96,  10.15,   9.89,   9.41,   8.37,   8.5 ,   8.35,
         8.38,   8.35,   8.62,   8.59,   8.3 ,   8.6 ,   8.85,   8.94,
         8.74,   9.5 ,   9.17,   9.08,   9.15,   8.4 ,   8.13,   7.68,
         8.07,   8.34,   8.11,   8.1 ,   8.1 ,   8.09,   8.  ,   7.84,
         8.06]), array([ 9.68,  9.38,  9.8 ,  8.96,  8.06,  7.98,  8.  ,  7.85,  8.03,
        8.09,  8.25,  8.4 ,  7.98,  8.23,  8.5 ,  8.57,  8.54,  8.71,
        8.74,  8.76,  8.15,  7.91,  7.38,  7.36,  7.69,  7.98,  7.4 ,
        7.78,  7.61,  7.8 ,  7.7 ,  7.62,  7.77]), array([ 9.69,  9.83,  9.96,  8.96,  8.44,  8.09,  8.31,  8.03,  8.34,
        8.33,  8.5 ,  8.4 ,  8.21,  8.55,  8.76,  8.7 ,  8.69,  9.19,
        8.95,  9.06,  8.15,  8.17,  7.43,  7.63,  8.07,  8.02,  7.74,
        7.96,  8.02,  7.92,  7.74,  7.73,  8.  ]), array(['2016/01/21', '2016/01/22', '2016/01/25', '2016/01/26',
       '2016/01/27', '2016/01/28', '2016/01/29', '2016/02/01',
       '2016/02/02', '2016/02/03', '2016/02/04', '2016/02/05',
       '2016/02/15', '2016/02/16', '2016/02/17', '2016/02/18',
       '2016/02/19', '2016/02/22', '2016/02/23', '2016/02/24',
       '2016/02/25', '2016/02/26', '2016/02/29', '2016/03/01',
       '2016/03/02', '2016/03/03', '2016/03/04', '2016/03/07',
       '2016/03/08', '2016/03/09', '2016/03/10', '2016/03/11', '2016/03/14'], 
      dtype='|S10')]
[2016-11-02 21:48:28] [DEBUG] [Time_Consuming: 97252毫秒] => 
fig: Figure(1024x768)
[2016-11-02 21:48:28] [DEBUG] [Time_Consuming: 97253毫秒] => 
ax: Axes(0.125,0.1;0.775x0.8)
[2016-11-02 21:48:28] [DEBUG] [Time_Consuming: 97253毫秒] => 
type(ax): <class 'matplotlib.axes._subplots.AxesSubplot'>
[2016-11-02 21:48:36] [DEBUG] [Time_Consuming: 105536毫秒] => 
price * num > cash[day-1]: False
[2016-11-02 21:48:36] [DEBUG] [Time_Consuming: 105536毫秒] => 
cash[day-1]: 992200.0
[2016-11-02 21:48:36] [DEBUG] [Time_Consuming: 105536毫秒] => 
day 3 high price:: 8.18
[2016-11-02 21:48:36] [DEBUG] [Time_Consuming: 105536毫秒] => 
day 3 low price:: 7.91
[2016-11-02 21:48:36] [DEBUG] [Time_Consuming: 105536毫秒] => 
tradable: False
[2016-11-02 21:48:49] [DEBUG] [Time_Consuming: 118306毫秒] => 
stock_data: [array([ 9.84,  9.41,  8.27,  8.09,  8.35,  8.06,  8.25,  8.25,  8.56,
        8.11,  8.28,  8.57,  8.8 ,  8.74,  8.78,  9.06,  8.97,  9.09,
        8.4 ,  8.1 ,  7.43,  7.69,  8.12,  7.98,  7.78,  7.99,  7.89,
        7.88,  7.75,  7.77,  8.01]), array([ 9.89,  9.41,  8.37,  8.5 ,  8.35,  8.38,  8.35,  8.62,  8.59,
        8.3 ,  8.6 ,  8.85,  8.94,  8.74,  9.5 ,  9.17,  9.08,  9.15,
        8.4 ,  8.13,  7.68,  8.07,  8.34,  8.11,  8.1 ,  8.1 ,  8.09,
        8.  ,  7.84,  8.06,  8.18]), array([ 8.96,  8.06,  7.98,  8.  ,  7.85,  8.03,  8.09,  8.25,  8.4 ,
        7.98,  8.23,  8.5 ,  8.57,  8.54,  8.71,  8.74,  8.76,  8.15,
        7.91,  7.38,  7.36,  7.69,  7.98,  7.4 ,  7.78,  7.61,  7.8 ,
        7.7 ,  7.62,  7.77,  7.91]), array([ 8.96,  8.44,  8.09,  8.31,  8.03,  8.34,  8.33,  8.5 ,  8.4 ,
        8.21,  8.55,  8.76,  8.7 ,  8.69,  9.19,  8.95,  9.06,  8.15,
        8.17,  7.43,  7.63,  8.07,  8.02,  7.74,  7.96,  8.02,  7.92,
        7.74,  7.73,  8.  ,  8.1 ]), array(['2016/01/26', '2016/01/27', '2016/01/28', '2016/01/29',
       '2016/02/01', '2016/02/02', '2016/02/03', '2016/02/04',
       '2016/02/05', '2016/02/15', '2016/02/16', '2016/02/17',
       '2016/02/18', '2016/02/19', '2016/02/22', '2016/02/23',
       '2016/02/24', '2016/02/25', '2016/02/26', '2016/02/29',
       '2016/03/01', '2016/03/02', '2016/03/03', '2016/03/04',
       '2016/03/07', '2016/03/08', '2016/03/09', '2016/03/10',
       '2016/03/11', '2016/03/14', '2016/03/15'], 
      dtype='|S10')]
[2016-11-02 21:48:49] [DEBUG] [Time_Consuming: 118536毫秒] => 
fig: Figure(1024x768)
[2016-11-02 21:48:49] [DEBUG] [Time_Consuming: 118536毫秒] => 
ax: Axes(0.125,0.1;0.775x0.8)
[2016-11-02 21:48:49] [DEBUG] [Time_Consuming: 118536毫秒] => 
type(ax): <class 'matplotlib.axes._subplots.AxesSubplot'>
[2016-11-02 21:49:06] [DEBUG] [Time_Consuming: 135216毫秒] => 
type(bar_num): <type 'int'>
[2016-11-02 21:49:08] [DEBUG] [Time_Consuming: 137238毫秒] => 
stock_data: [array([ 10.21,   9.76,   9.88,   9.84,   9.41,   8.27,   8.09,   8.35,
         8.06,   8.25,   8.25,   8.56,   8.11,   8.28,   8.57,   8.8 ,
         8.74,   8.78,   9.06,   8.97,   9.09,   8.4 ,   8.1 ,   7.43,
         7.69,   8.12,   7.98,   7.78,   7.99,   7.89,   7.88,   7.75,
         7.77,   8.01]), array([ 10.45,   9.96,  10.15,   9.89,   9.41,   8.37,   8.5 ,   8.35,
         8.38,   8.35,   8.62,   8.59,   8.3 ,   8.6 ,   8.85,   8.94,
         8.74,   9.5 ,   9.17,   9.08,   9.15,   8.4 ,   8.13,   7.68,
         8.07,   8.34,   8.11,   8.1 ,   8.1 ,   8.09,   8.  ,   7.84,
         8.06,   8.18]), array([ 9.68,  9.38,  9.8 ,  8.96,  8.06,  7.98,  8.  ,  7.85,  8.03,
        8.09,  8.25,  8.4 ,  7.98,  8.23,  8.5 ,  8.57,  8.54,  8.71,
        8.74,  8.76,  8.15,  7.91,  7.38,  7.36,  7.69,  7.98,  7.4 ,
        7.78,  7.61,  7.8 ,  7.7 ,  7.62,  7.77,  7.91]), array([ 9.69,  9.83,  9.96,  8.96,  8.44,  8.09,  8.31,  8.03,  8.34,
        8.33,  8.5 ,  8.4 ,  8.21,  8.55,  8.76,  8.7 ,  8.69,  9.19,
        8.95,  9.06,  8.15,  8.17,  7.43,  7.63,  8.07,  8.02,  7.74,
        7.96,  8.02,  7.92,  7.74,  7.73,  8.  ,  8.1 ]), array(['2016/01/21', '2016/01/22', '2016/01/25', '2016/01/26',
       '2016/01/27', '2016/01/28', '2016/01/29', '2016/02/01',
       '2016/02/02', '2016/02/03', '2016/02/04', '2016/02/05',
       '2016/02/15', '2016/02/16', '2016/02/17', '2016/02/18',
       '2016/02/19', '2016/02/22', '2016/02/23', '2016/02/24',
       '2016/02/25', '2016/02/26', '2016/02/29', '2016/03/01',
       '2016/03/02', '2016/03/03', '2016/03/04', '2016/03/07',
       '2016/03/08', '2016/03/09', '2016/03/10', '2016/03/11',
       '2016/03/14', '2016/03/15'], 
      dtype='|S10')]
[2016-11-02 21:49:08] [DEBUG] [Time_Consuming: 137520毫秒] => 
fig: Figure(1024x768)
[2016-11-02 21:49:08] [DEBUG] [Time_Consuming: 137521毫秒] => 
ax: Axes(0.125,0.1;0.775x0.8)
[2016-11-02 21:49:08] [DEBUG] [Time_Consuming: 137522毫秒] => 
type(ax): <class 'matplotlib.axes._subplots.AxesSubplot'>
[2016-11-02 21:49:16] [DEBUG] [Time_Consuming: 144968毫秒] => 
price * num > cash[day-1]: False
[2016-11-02 21:49:16] [DEBUG] [Time_Consuming: 144968毫秒] => 
cash[day-1]: 992200.0
[2016-11-02 21:49:16] [DEBUG] [Time_Consuming: 144968毫秒] => 
day 4 high price:: 8.34
[2016-11-02 21:49:16] [DEBUG] [Time_Consuming: 144968毫秒] => 
day 4 low price:: 7.96
[2016-11-02 21:49:16] [DEBUG] [Time_Consuming: 144968毫秒] => 
tradable: True
